0 info it worked if it ends with ok
1 verbose cli [ 'C:\\Program Files (x86)\\Nodist\\v-x64\\8.9.1\\node.exe',
1 verbose cli   'C:\\Program Files (x86)\\Nodist\\npmv\\4.0.5\\bin\\npm-cli.js',
1 verbose cli   'run',
1 verbose cli   'test' ]
2 info using npm@4.0.5
3 info using node@v8.9.1
4 verbose run-script [ 'pretest', 'test', 'posttest' ]
5 info lifecycle main@1.0.0~pretest: main@1.0.0
6 warn lifecycle The node binary used for scripts is C:\Program Files (x86)\Nodist\bin\node.exe but npm is using C:\Program Files (x86)\Nodist\v-x64\8.9.1\node.exe itself. Use the `--scripts-prepend-node-path` option to include the path for the node binary npm was executed with.
7 verbose lifecycle main@1.0.0~pretest: unsafe-perm in lifecycle true
8 verbose lifecycle main@1.0.0~pretest: PATH: C:\Program Files (x86)\Nodist\npmv\4.0.5\bin\node-gyp-bin;C:\Users\codya\AppData\Local\Screeps\scripts\127_0_0_1___21025\main\node_modules\.bin;C:\ProgramData\Oracle\Java\javapath;C:\Program Files (x86)\Intel\iCLS Client\;C:\Program Files\Intel\iCLS Client\;C:\Windows\system32;C:\Windows;C:\Windows\System32\Wbem;C:\Windows\System32\WindowsPowerShell\v1.0\;C:\Program Files (x86)\Intel\Intel(R) Management Engine Components\DAL;C:\Program Files\Intel\Intel(R) Management Engine Components\DAL;C:\Program Files (x86)\Intel\Intel(R) Management Engine Components\IPT;C:\Program Files\Intel\Intel(R) Management Engine Components\IPT;C:\Program Files (x86)\NVIDIA Corporation\PhysX\Common;C:\WINDOWS\system32;C:\WINDOWS;C:\WINDOWS\System32\Wbem;C:\WINDOWS\System32\WindowsPowerShell\v1.0\;C:\Program Files\dotnet\;C:\Program Files\Git LFS;C:\Program Files\Microsoft SQL Server\130\Tools\Binn\;C:\Program Files\Git\cmd;C:\Python27;C:\Python27\Scripts;C:\tools\selenium;C:\Program Files (x86)\GtkSharp\2.12\bin;C:\Program Files (x86)\Yarn\bin;C:\Program Files (x86)\Nodist\bin;C:\Program Files (x86)\Windows Kits\8.1\Windows Performance Toolkit\;C:\Program Files\Calibre2\;C:\Users\codya\AppData\Local\Microsoft\WindowsApps;C:\Program Files\Microsoft VS Code\bin;C:\Users\codya\Documents\Apps\sonar-scanner-3.0.3.778-windows\bin;C:\Program Files\Python36\Scripts;C:\Users\codya\Documents\Apps\apache-ant-1.9.9\bin;C:\Program Files (x86)\Genesis Mobile\Jasob 4.2;C:\Program Files\Java\jdk-9.0.1\bin;C:\Program Files\Docker Toolbox;C:\Users\codya\AppData\Local\Yarn\bin;C:\Users\codya\AppData\Roaming\npm\node_modules\forever\bin;C:\Program Files (x86)\Nodist\bin;C:\Users\codya\Documents\Apps;D:\MongoDB\Server\3.4\bin;
9 verbose lifecycle main@1.0.0~pretest: CWD: C:\Users\codya\AppData\Local\Screeps\scripts\127_0_0_1___21025\main
10 silly lifecycle main@1.0.0~pretest: Args: [ '/d /s /c', 'npm run lint' ]
11 silly lifecycle main@1.0.0~pretest: Returned: code: 1  signal: null
12 info lifecycle main@1.0.0~pretest: Failed to exec pretest script
13 verbose stack Error: main@1.0.0 pretest: `npm run lint`
13 verbose stack Exit status 1
13 verbose stack     at EventEmitter.<anonymous> (C:\Program Files (x86)\Nodist\npmv\4.0.5\lib\utils\lifecycle.js:279:16)
13 verbose stack     at emitTwo (events.js:126:13)
13 verbose stack     at EventEmitter.emit (events.js:214:7)
13 verbose stack     at ChildProcess.<anonymous> (C:\Program Files (x86)\Nodist\npmv\4.0.5\lib\utils\spawn.js:40:14)
13 verbose stack     at emitTwo (events.js:126:13)
13 verbose stack     at ChildProcess.emit (events.js:214:7)
13 verbose stack     at maybeClose (internal/child_process.js:925:16)
13 verbose stack     at Process.ChildProcess._handle.onexit (internal/child_process.js:209:5)
14 verbose pkgid main@1.0.0
15 verbose cwd C:\Users\codya\AppData\Local\Screeps\scripts\127_0_0_1___21025\main
16 error Windows_NT 10.0.15063
17 error argv "C:\\Program Files (x86)\\Nodist\\v-x64\\8.9.1\\node.exe" "C:\\Program Files (x86)\\Nodist\\npmv\\4.0.5\\bin\\npm-cli.js" "run" "test"
18 error node v8.9.1
19 error npm  v4.0.5
20 error code ELIFECYCLE
21 error main@1.0.0 pretest: `npm run lint`
21 error Exit status 1
22 error Failed at the main@1.0.0 pretest script 'npm run lint'.
22 error Make sure you have the latest version of node.js and npm installed.
22 error If you do, this is most likely a problem with the main package,
22 error not with npm itself.
22 error Tell the author that this fails on your system:
22 error     npm run lint
22 error You can get information on how to open an issue for this project with:
22 error     npm bugs main
22 error Or if that isn't available, you can get their info via:
22 error     npm owner ls main
22 error There is likely additional logging output above.
23 verbose exit [ 1, true ]
